c:\users\abc\desktop\graphicproj\graphicproj\graphicproj\debug\graphicproj.pch
c:\users\abc\desktop\graphicproj\graphicproj\graphicproj\debug\vc141.pdb
c:\users\abc\desktop\graphicproj\graphicproj\graphicproj\debug\vc141.idb
c:\users\abc\desktop\graphicproj\graphicproj\graphicproj\debug\stdafx.obj
c:\users\abc\desktop\graphicproj\graphicproj\graphicproj\debug\graphicproj.obj
c:\users\abc\desktop\graphicproj\graphicproj\graphicproj\debug\glview.obj
c:\users\abc\desktop\graphicproj\graphicproj\graphicproj\debug\graphicprojdlg.obj
c:\users\abc\desktop\graphicproj\graphicproj\debug\graphicproj.exe
c:\users\abc\desktop\graphicproj\graphicproj\debug\graphicproj.ilk
c:\users\abc\desktop\graphicproj\graphicproj\debug\graphicproj.pdb
c:\users\abc\desktop\graphicproj\graphicproj\graphicproj\debug\graphicproj.res
c:\users\abc\desktop\graphicproj\graphicproj\graphicproj\debug\graphicproj.tlog\cl.command.1.tlog
c:\users\abc\desktop\graphicproj\graphicproj\graphicproj\debug\graphicproj.tlog\cl.read.1.tlog
c:\users\abc\desktop\graphicproj\graphicproj\graphicproj\debug\graphicproj.tlog\cl.write.1.tlog
c:\users\abc\desktop\graphicproj\graphicproj\graphicproj\debug\graphicproj.tlog\link.command.1.tlog
c:\users\abc\desktop\graphicproj\graphicproj\graphicproj\debug\graphicproj.tlog\link.read.1.tlog
c:\users\abc\desktop\graphicproj\graphicproj\graphicproj\debug\graphicproj.tlog\link.write.1.tlog
c:\users\abc\desktop\graphicproj\graphicproj\graphicproj\debug\graphicproj.tlog\rc.command.1.tlog
c:\users\abc\desktop\graphicproj\graphicproj\graphicproj\debug\graphicproj.tlog\rc.read.1.tlog
c:\users\abc\desktop\graphicproj\graphicproj\graphicproj\debug\graphicproj.tlog\rc.write.1.tlog
